Start testing: Mar 11 00:10 Eastern Daylight Time
----------------------------------------------------------
1/1 Testing: NinjaTest
1/1 Test: NinjaTest
Command: "C:/Users/DatDudeOJ/Documents/Dev/ninja/build-cmake/Debug/ninja_test.exe"
Directory: C:/Users/DatDudeOJ/Documents/Dev/ninja/build-cmake
"NinjaTest" start time: Mar 11 00:10 Eastern Daylight Time
Output:
----------------------------------------------------------
[1/352] BuildLogTest.WriteRead
[2/352] BuildLogTest.FirstWriteAddsSignature
[3/352] BuildLogTest.DoubleEntry
[4/352] BuildLogTest.Truncate
[5/352] BuildLogTest.ObsoleteOldVersion
[6/352] BuildLogTest.SpacesInOutputV4
[7/352] BuildLogTest.DuplicateVersionHeader
[8/352] BuildLogTest.Restat
[9/352] BuildLogTest.VeryLongInputLine
[10/352] BuildLogTest.MultiTargetEdge
[11/352] BuildLogRecompactTest.Recompact
[12/352] PlanTest.Basic
[13/352] PlanTest.DoubleOutputDirect
[14/352] PlanTest.DoubleOutputIndirect
[15/352] PlanTest.DoubleDependent
[16/352] PlanTest.PoolWithDepthOne
[17/352] PlanTest.ConsolePool
[18/352] PlanTest.PoolsWithDepthTwo
[19/352] PlanTest.PoolWithRedundantEdges
[20/352] PlanTest.PoolWithFailingEdge
[21/352] BuildTest.NoWork
[22/352] BuildTest.OneStep
[23/352] BuildTest.OneStep2
[24/352] BuildTest.TwoStep
[25/352] BuildTest.TwoOutputs
[26/352] BuildTest.ImplicitOutput
[27/352] BuildTest.MultiOutIn
[28/352] BuildTest.Chain
[29/352] BuildTest.MissingInput
[30/352] BuildTest.MissingTarget
[31/352] BuildTest.MakeDirs
[32/352] BuildTest.DepFileMissing
[33/352] BuildTest.DepFileOK
[34/352] BuildTest.DepFileParseError
[35/352] BuildTest.EncounterReadyTwice
[36/352] BuildTest.OrderOnlyDeps
[37/352] BuildTest.RebuildOrderOnlyDeps
[38/352] BuildTest.DepFileCanonicalize
[39/352] BuildTest.Phony
[40/352] BuildTest.PhonyNoWork
[41/352] BuildTest.PhonySelfReference
[42/352] BuildTest.Fail
[43/352] BuildTest.SwallowFailures
[44/352] BuildTest.SwallowFailuresLimit
[45/352] BuildTest.SwallowFailuresPool
[46/352] BuildTest.PoolEdgesReadyButNotWanted
[47/352] BuildWithLogTest.NotInLogButOnDisk
[48/352] BuildWithLogTest.RebuildAfterFailure
[49/352] BuildWithLogTest.RebuildWithNoInputs
[50/352] BuildWithLogTest.RestatTest
[51/352] BuildWithLogTest.RestatMissingFile
[52/352] BuildWithLogTest.RestatSingleDependentOutputDirty
[53/352] BuildWithLogTest.RestatMissingInput
[54/352] BuildDryRun.AllCommandsShown
[55/352] BuildTest.RspFileSuccess
[56/352] BuildTest.RspFileFailure
[57/352] BuildWithLogTest.RspFileCmdLineChange
[58/352] BuildTest.InterruptCleanup
[59/352] BuildTest.StatFailureAbortsBuild
[60/352] BuildTest.PhonyWithNoInputs
[61/352] BuildTest.DepsGccWithEmptyDepfileErrorsOut
[62/352] BuildTest.StatusFormatElapsed
[63/352] BuildTest.StatusFormatReplacePlaceholder
[64/352] BuildTest.FailedDepsParse
[65/352] BuildWithQueryDepsLogTest.TwoOutputsDepFileMSVC
[66/352] BuildWithQueryDepsLogTest.TwoOutputsDepFileGCCOneLine
[67/352] BuildWithQueryDepsLogTest.TwoOutputsDepFileGCCMultiLineInput
[68/352] BuildWithQueryDepsLogTest.TwoOutputsDepFileGCCMultiLineOutput
[69/352] BuildWithQueryDepsLogTest.TwoOutputsDepFileGCCOnlyMainOutput
[70/352] BuildWithQueryDepsLogTest.TwoOutputsDepFileGCCOnlySecondaryOutput
[71/352] BuildWithDepsLogTest.Straightforward
[72/352] BuildWithDepsLogTest.ObsoleteDeps
[73/352] BuildWithDepsLogTest.DepsIgnoredInDryRun
[74/352] BuildTest.RestatDepfileDependency
[75/352] BuildWithDepsLogTest.RestatDepfileDependencyDepsLog
[76/352] BuildWithDepsLogTest.DepFileOKDepsLog
[77/352] BuildWithDepsLogTest.DepFileDepsLogCanonicalize
[78/352] BuildTest.RestatMissingDepfile
[79/352] BuildWithDepsLogTest.RestatMissingDepfileDepslog
[80/352] BuildTest.WrongOutputInDepfileCausesRebuild
[81/352] BuildTest.Console
[82/352] BuildTest.DyndepMissingAndNoRule
[83/352] BuildTest.DyndepReadyImplicitConnection
[84/352] BuildTest.DyndepReadySyntaxError
[85/352] BuildTest.DyndepReadyCircular
[86/352] BuildTest.DyndepBuild
[87/352] BuildTest.DyndepBuildSyntaxError
[88/352] BuildTest.DyndepBuildUnrelatedOutput
[89/352] BuildTest.DyndepBuildDiscoverNewOutput
[90/352] BuildTest.DyndepBuildDiscoverNewOutputWithMultipleRules1
[91/352] BuildTest.DyndepBuildDiscoverNewOutputWithMultipleRules2
[92/352] BuildTest.DyndepBuildDiscoverNewInput
[93/352] BuildTest.DyndepBuildDiscoverImplicitConnection
[94/352] BuildTest.DyndepBuildDiscoverNowWantEdge
[95/352] BuildTest.DyndepBuildDiscoverNowWantEdgeAndDependent
[96/352] BuildTest.DyndepBuildDiscoverCircular
[97/352] BuildWithLogTest.DyndepBuildDiscoverRestat
[98/352] BuildTest.DyndepBuildDiscoverScheduledEdge
[99/352] BuildTest.DyndepTwoLevelDirect
[100/352] BuildTest.DyndepTwoLevelIndirect
[101/352] BuildTest.DyndepTwoLevelDiscoveredReady
[102/352] BuildTest.DyndepTwoLevelDiscoveredDirty
[103/352] CleanTest.CleanAll
[104/352] CleanTest.CleanAllDryRun
[105/352] CleanTest.CleanTarget
[106/352] CleanTest.CleanTargetDryRun
[107/352] CleanTest.CleanRule
[108/352] CleanTest.CleanRuleDryRun
[109/352] CleanTest.CleanRuleGenerator
[110/352] CleanTest.CleanDepFile
[111/352] CleanTest.CleanDepFileOnCleanTarget
[112/352] CleanTest.CleanDepFileOnCleanRule
[113/352] CleanTest.CleanDyndep
[114/352] CleanTest.CleanDyndepMissing
[115/352] CleanTest.CleanRspFile
[116/352] CleanTest.CleanRsp
[117/352] CleanTest.CleanFailure
[118/352] CleanTest.CleanPhony
[119/352] CleanTest.CleanDepFileAndRspFileWithSpaces
[120/352] CleanDeadTest.CleanDead
[121/352] CLParserTest.ShowIncludes
[122/352] CLParserTest.FilterInputFilename
[123/352] CLParserTest.ParseSimple
[124/352] CLParserTest.ParseFilenameFilter
[125/352] CLParserTest.ParseSystemInclude
[126/352] CLParserTest.DuplicatedHeader
[127/352] CLParserTest.DuplicatedHeaderPathConverted
[128/352] DepfileParserTest.Basic
[129/352] DepfileParserTest.EarlyNewlineAndWhitespace
[130/352] DepfileParserTest.Continuation
[131/352] DepfileParserTest.CarriageReturnContinuation
[132/352] DepfileParserTest.BackSlashes
[133/352] DepfileParserTest.Spaces
[134/352] DepfileParserTest.MultipleBackslashes
[135/352] DepfileParserTest.Escapes
[136/352] DepfileParserTest.SpecialChars
[137/352] DepfileParserTest.UnifyMultipleOutputs
[138/352] DepfileParserTest.MultipleDifferentOutputs
[139/352] DepfileParserTest.MultipleEmptyRules
[140/352] DepfileParserTest.UnifyMultipleRulesLF
[141/352] DepfileParserTest.UnifyMultipleRulesCRLF
[142/352] DepfileParserTest.UnifyMixedRulesLF
[143/352] DepfileParserTest.UnifyMixedRulesCRLF
[144/352] DepfileParserTest.IndentedRulesLF
[145/352] DepfileParserTest.IndentedRulesCRLF
[146/352] DepfileParserTest.TolerateMP
[147/352] DepfileParserTest.MultipleRulesTolerateMP
[148/352] DepfileParserTest.MultipleRulesDifferentOutputs
[149/352] DepfileParserTest.BuggyMP
[150/352] DepsLogTest.WriteRead
[151/352] DepsLogTest.LotsOfDeps
[152/352] DepsLogTest.DoubleEntry
[153/352] DepsLogTest.Recompact
[154/352] DepsLogTest.InvalidHeader
[155/352] DepsLogTest.Truncated
[156/352] DepsLogTest.TruncatedRecovery
[157/352] DiskInterfaceTest.StatMissingFile
[158/352] DiskInterfaceTest.StatBadPath
[159/352] DiskInterfaceTest.StatExistingFile
[160/352] DiskInterfaceTest.StatExistingDir
[161/352] DiskInterfaceTest.StatCache
[162/352] DiskInterfaceTest.ReadFile
[163/352] DiskInterfaceTest.MakeDirs
[164/352] DiskInterfaceTest.RemoveFile
[165/352] StatTest.Simple
[166/352] StatTest.TwoStep
[167/352] StatTest.Tree
[168/352] StatTest.Middle
[169/352] DyndepParserTest.Empty
[170/352] DyndepParserTest.Version1
[171/352] DyndepParserTest.Version1Extra
[172/352] DyndepParserTest.Version1_0
[173/352] DyndepParserTest.Version1_0Extra
[174/352] DyndepParserTest.CommentVersion
[175/352] DyndepParserTest.BlankLineVersion
[176/352] DyndepParserTest.VersionCRLF
[177/352] DyndepParserTest.CommentVersionCRLF
[178/352] DyndepParserTest.BlankLineVersionCRLF
[179/352] DyndepParserTest.VersionUnexpectedEOF
[180/352] DyndepParserTest.UnsupportedVersion0
[181/352] DyndepParserTest.UnsupportedVersion1_1
[182/352] DyndepParserTest.DuplicateVersion
[183/352] DyndepParserTest.MissingVersionOtherVar
[184/352] DyndepParserTest.MissingVersionBuild
[185/352] DyndepParserTest.UnexpectedEqual
[186/352] DyndepParserTest.UnexpectedIndent
[187/352] DyndepParserTest.OutDuplicate
[188/352] DyndepParserTest.OutDuplicateThroughOther
[189/352] DyndepParserTest.NoOutEOF
[190/352] DyndepParserTest.NoOutColon
[191/352] DyndepParserTest.OutNoStatement
[192/352] DyndepParserTest.OutEOF
[193/352] DyndepParserTest.OutNoRule
[194/352] DyndepParserTest.OutBadRule
[195/352] DyndepParserTest.BuildEOF
[196/352] DyndepParserTest.ExplicitOut
[197/352] DyndepParserTest.ExplicitIn
[198/352] DyndepParserTest.OrderOnlyIn
[199/352] DyndepParserTest.BadBinding
[200/352] DyndepParserTest.RestatTwice
[201/352] DyndepParserTest.NoImplicit
[202/352] DyndepParserTest.EmptyImplicit
[203/352] DyndepParserTest.ImplicitIn
[204/352] DyndepParserTest.ImplicitIns
[205/352] DyndepParserTest.ImplicitOut
[206/352] DyndepParserTest.ImplicitOuts
[207/352] DyndepParserTest.ImplicitInsAndOuts
[208/352] DyndepParserTest.Restat
[209/352] DyndepParserTest.OtherOutput
[210/352] DyndepParserTest.MultipleEdges
[211/352] EditDistanceTest.TestEmpty
[212/352] EditDistanceTest.TestMaxDistance
[213/352] EditDistanceTest.TestAllowReplacements
[214/352] EditDistanceTest.TestBasics
[215/352] GraphTest.MissingImplicit
[216/352] GraphTest.ModifiedImplicit
[217/352] GraphTest.FunkyMakefilePath
[218/352] GraphTest.ExplicitImplicit
[219/352] GraphTest.ImplicitOutputParse
[220/352] GraphTest.ImplicitOutputMissing
[221/352] GraphTest.ImplicitOutputOutOfDate
[222/352] GraphTest.ImplicitOutputOnlyParse
[223/352] GraphTest.ImplicitOutputOnlyMissing
[224/352] GraphTest.ImplicitOutputOnlyOutOfDate
[225/352] GraphTest.PathWithCurrentDirectory
[226/352] GraphTest.RootNodes
[227/352] GraphTest.VarInOutPathEscaping
[228/352] GraphTest.DepfileWithCanonicalizablePath
[229/352] GraphTest.DepfileRemoved
[230/352] GraphTest.RuleVariablesInScope
[231/352] GraphTest.DepfileOverride
[232/352] GraphTest.DepfileOverrideParent
[233/352] GraphTest.NestedPhonyPrintsDone
[234/352] GraphTest.PhonySelfReferenceError
[235/352] GraphTest.DependencyCycle
[236/352] GraphTest.CycleInEdgesButNotInNodes1
[237/352] GraphTest.CycleInEdgesButNotInNodes2
[238/352] GraphTest.CycleInEdgesButNotInNodes3
[239/352] GraphTest.CycleInEdgesButNotInNodes4
[240/352] GraphTest.CycleWithLengthZeroFromDepfile
[241/352] GraphTest.CycleWithLengthOneFromDepfile
[242/352] GraphTest.CycleWithLengthOneFromDepfileOneHopAway
[243/352] GraphTest.Decanonicalize
[244/352] GraphTest.DyndepLoadTrivial
[245/352] GraphTest.DyndepLoadMissingFile
[246/352] GraphTest.DyndepLoadMissingEntry
[247/352] GraphTest.DyndepLoadExtraEntry
[248/352] GraphTest.DyndepLoadOutputWithMultipleRules1
[249/352] GraphTest.DyndepLoadOutputWithMultipleRules2
[250/352] GraphTest.DyndepLoadMultiple
[251/352] GraphTest.DyndepFileMissing
[252/352] GraphTest.DyndepFileError
[253/352] GraphTest.DyndepImplicitInputNewer
[254/352] GraphTest.DyndepFileReady
[255/352] GraphTest.DyndepFileNotClean
[256/352] GraphTest.DyndepFileNotReady
[257/352] GraphTest.DyndepFileSecondNotReady
[258/352] GraphTest.DyndepFileCircular
[259/352] Lexer.ReadVarValue
[260/352] Lexer.ReadEvalStringEscapes
[261/352] Lexer.ReadIdent
[262/352] Lexer.ReadIdentCurlies
[263/352] Lexer.Error
[264/352] Lexer.CommentEOF
[265/352] Lexer.Tabs
[266/352] ParserTest.Empty
[267/352] ParserTest.Rules
[268/352] ParserTest.RuleAttributes
[269/352] ParserTest.IgnoreIndentedComments
[270/352] ParserTest.IgnoreIndentedBlankLines
[271/352] ParserTest.ResponseFiles
[272/352] ParserTest.InNewline
[273/352] ParserTest.Variables
[274/352] ParserTest.VariableScope
[275/352] ParserTest.Continuation
[276/352] ParserTest.Backslash
[277/352] ParserTest.Comment
[278/352] ParserTest.Dollars
[279/352] ParserTest.EscapeSpaces
[280/352] ParserTest.CanonicalizeFile
[281/352] ParserTest.CanonicalizeFileBackslashes
[282/352] ParserTest.PathVariables
[283/352] ParserTest.CanonicalizePaths
[284/352] ParserTest.CanonicalizePathsBackslashes
[285/352] ParserTest.DuplicateEdgeWithMultipleOutputs
[286/352] ParserTest.NoDeadPointerFromDuplicateEdge
[287/352] ParserTest.DuplicateEdgeWithMultipleOutputsError
[288/352] ParserTest.DuplicateEdgeInIncludedFile
[289/352] ParserTest.PhonySelfReferenceIgnored
[290/352] ParserTest.PhonySelfReferenceKept
[291/352] ParserTest.ReservedWords
[292/352] ParserTest.Errors
[293/352] ParserTest.MissingInput
[294/352] ParserTest.MultipleOutputs
[295/352] ParserTest.MultipleOutputsWithDeps
[296/352] ParserTest.SubNinja
[297/352] ParserTest.MissingSubNinja
[298/352] ParserTest.DuplicateRuleInDifferentSubninjas
[299/352] ParserTest.DuplicateRuleInDifferentSubninjasWithInclude
[300/352] ParserTest.Include
[301/352] ParserTest.BrokenInclude
[302/352] ParserTest.Implicit
[303/352] ParserTest.OrderOnly
[304/352] ParserTest.ImplicitOutput
[305/352] ParserTest.ImplicitOutputEmpty
[306/352] ParserTest.ImplicitOutputDupe
[307/352] ParserTest.ImplicitOutputDupes
[308/352] ParserTest.NoExplicitOutput
[309/352] ParserTest.DefaultDefault
[310/352] ParserTest.DefaultDefaultCycle
[311/352] ParserTest.DefaultStatements
[312/352] ParserTest.UTF8
[313/352] ParserTest.CRLF
[314/352] ParserTest.DyndepNotSpecified
[315/352] ParserTest.DyndepNotInput
[316/352] ParserTest.DyndepExplicitInput
[317/352] ParserTest.DyndepImplicitInput
[318/352] ParserTest.DyndepOrderOnlyInput
[319/352] ParserTest.DyndepRuleInput
[320/352] State.Basic
[321/352] StringPieceUtilTest.SplitStringPiece
[322/352] StringPieceUtilTest.JoinStringPiece
[323/352] StringPieceUtilTest.ToLowerASCII
[324/352] StringPieceUtilTest.EqualsCaseInsensitiveASCII
[325/352] SubprocessTest.BadCommandStderr
[326/352] SubprocessTest.NoSuchCommand
[327/352] SubprocessTest.SetWithSingle
[328/352] SubprocessTest.SetWithMulti
[329/352] CanonicalizePath.PathSamples
[330/352] CanonicalizePath.PathSamplesWindows
[331/352] CanonicalizePath.SlashTracking
[332/352] CanonicalizePath.CanonicalizeNotExceedingLen
[333/352] CanonicalizePath.TooManyComponents
[334/352] CanonicalizePath.UpDir
[335/352] CanonicalizePath.AbsolutePath
[336/352] CanonicalizePath.NotNullTerminated
[337/352] PathEscaping.TortureTest
[338/352] PathEscaping.SensiblePathsAreNotNeedlesslyEscaped
[339/352] PathEscaping.SensibleWin32PathsAreNotNeedlesslyEscaped
[340/352] StripAnsiEscapeCodes.EscapeAtEnd
[341/352] StripAnsiEscapeCodes.StripColors
[342/352] ElideMiddle.NothingToElide
[343/352] ElideMiddle.ElideInTheMiddle
[344/352] IncludesNormalize.Simple
[345/352] IncludesNormalize.WithRelative
[346/352] IncludesNormalize.Case
[347/352] IncludesNormalize.DifferentDrive
[348/352] IncludesNormalize.LongInvalidPath
[349/352] IncludesNormalize.ShortRelativeButTooLongAbsolutePath
[350/352] EscapeForDepfileTest.SpacesInFilename
[351/352] MSVCHelperTest.EnvBlock
[352/352] MSVCHelperTest.NoReadOfStderr
to stderr 
passed
<end of output>
Test time =   3.24 sec
----------------------------------------------------------
Test Passed.
"NinjaTest" end time: Mar 11 00:11 Eastern Daylight Time
"NinjaTest" time elapsed: 00:00:03
----------------------------------------------------------

End testing: Mar 11 00:11 Eastern Daylight Time
